[2026-05-12T18:04:32.482] [DEBUG] debug-file - Executing task :detail:default@ProcessLibs
[2026-05-12T18:04:32.484] [DEBUG] debug-file - Incremental task detail:default@ProcessLibs pre-execution cost: 2 ms .
[2026-05-12T18:04:32.485] [DEBUG] debug-file - detail : default@ProcessLibs cost memory 0.09955596923828125
[2026-05-12T18:04:32.485] [INFO] debug-file - UP-TO-DATE :detail:default@ProcessLibs...  
[2026-05-12T18:04:32.487] [DEBUG] debug-file - Executing task :rank:default@ProcessLibs
[2026-05-12T18:04:32.491] [DEBUG] debug-file - Incremental task rank:default@ProcessLibs pre-execution cost: 2 ms .
[2026-05-12T18:04:32.491] [DEBUG] debug-file - rank : default@ProcessLibs cost memory 0.33309173583984375
[2026-05-12T18:04:32.492] [INFO] debug-file - UP-TO-DATE :rank:default@ProcessLibs...  
[2026-05-12T18:04:32.493] [DEBUG] debug-file - Executing task :phone:default@ConfigureCmake
[2026-05-12T18:04:32.494] [DEBUG] debug-file - phone : default@ConfigureCmake cost memory 0.01624298095703125
[2026-05-12T18:04:32.494] [DEBUG] debug-file - runTaskFromQueue task cost before running: 960 ms 
[2026-05-12T18:04:32.494] [INFO] debug-file - Finished :phone:default@ConfigureCmake... after 1 ms 
[2026-05-12T18:04:32.497] [DEBUG] debug-file - restool module names: phone,base,detail,hot,rank,picture; moduleName=phone, taskName=default@CompileResource
[2026-05-12T18:04:32.501] [DEBUG] debug-file - Executing task :phone:default@CompileResource
[2026-05-12T18:04:32.556] [DEBUG] debug-file - Incremental task phone:default@CompileResource pre-execution cost: 53 ms .
[2026-05-12T18:04:32.557] [DEBUG] debug-file - phone : default@CompileResource cost memory -0.35236358642578125
[2026-05-12T18:04:32.560] [INFO] debug-file - UP-TO-DATE :phone:default@CompileResource...  
[2026-05-12T18:04:32.563] [DEBUG] debug-file - Executing task :detail:default@DoNativeStrip
[2026-05-12T18:04:32.564] [DEBUG] debug-file - Task 'detail:default@DoNativeStrip' cost while wrapping incremental declarations: 1 ms 
[2026-05-12T18:04:32.567] [DEBUG] debug-file - Incremental task detail:default@DoNativeStrip pre-execution cost: 2 ms .
[2026-05-12T18:04:32.568] [DEBUG] debug-file - detail : default@DoNativeStrip cost memory 0.0794677734375
[2026-05-12T18:04:32.568] [INFO] debug-file - UP-TO-DATE :detail:default@DoNativeStrip...  
[2026-05-12T18:04:32.573] [DEBUG] debug-file - Executing task :rank:default@DoNativeStrip
[2026-05-12T18:04:32.574] [DEBUG] debug-file - Task 'rank:default@DoNativeStrip' cost while wrapping incremental declarations: 1 ms 
[2026-05-12T18:04:32.576] [DEBUG] debug-file - Incremental task rank:default@DoNativeStrip pre-execution cost: 1 ms .
[2026-05-12T18:04:32.576] [DEBUG] debug-file - rank : default@DoNativeStrip cost memory 0.0835418701171875
[2026-05-12T18:04:32.576] [INFO] debug-file - UP-TO-DATE :rank:default@DoNativeStrip...  
[2026-05-12T18:04:32.578] [DEBUG] debug-file - Executing task :phone:default@BuildNativeWithCmake
[2026-05-12T18:04:32.580] [DEBUG] debug-file - phone : default@BuildNativeWithCmake cost memory 0.01743316650390625
[2026-05-12T18:04:32.580] [DEBUG] debug-file - runTaskFromQueue task cost before running: 1 s 47 ms 
[2026-05-12T18:04:32.581] [INFO] debug-file - Finished :phone:default@BuildNativeWithCmake... after 2 ms 
[2026-05-12T18:04:32.585] [DEBUG] debug-file - Executing task :phone:default@CompileArkTS
[2026-05-12T18:04:32.586] [DEBUG] debug-file - obfuscationOptions: undefined
[2026-05-12T18:04:32.593] [DEBUG] debug-file - Task 'phone:default@CompileArkTS' cost while wrapping incremental declarations: 1 ms 
[2026-05-12T18:04:32.622] [DEBUG] debug-file - build config:
[2026-05-12T18:04:32.623] [DEBUG] debug-file - {
  moduleType: 'entry',
  perf: 0,
  targetName: '.default',
  packageManagerType: 'ohpm',
  localPropertiesPath: 'F:\\MultiCommunityApplication\\local.properties',
  isPreview: false,
  isOhosTest: false,
  isLocalTest: false,
  buildMode: 'Debug',
  hotReloadBuild: undefined,
  watchMode: 'false',
  aceProfilePath: 'F:\\MultiCommunityApplication\\products\\phone\\build\\default\\intermediates\\res\\default\\resources\\base\\profile',
  etsLoaderPath: 'F:\\DevEco Studio\\sdk\\default\\openharmony\\ets\\build-tools\\ets-loader',
  modulePath: 'F:\\MultiCommunityApplication\\products\\phone',
  testFrameworkPar: {
    testMode: undefined,
    coveragePathFilter: undefined,
    coverageMode: undefined
  },
  needCoverageInsert: false,
  debugLine: false,
  projectTopDir: 'F:\\MultiCommunityApplication',
  compileSdkVersion: 22,
  compatibleSdkVersion: 17,
  originCompatibleSdkVersion: '5.0.5(17)',
  compatibleSdkVersionStage: undefined,
  bundleName: 'c***n',
  etsLoaderVersion: '6.0.2.130',
  etsLoaderReleaseType: 'Release',
  aotCompileMode: 'type',
  apPath: 'F:\\MultiCommunityApplication\\products\\phone\\modules.ap',
  entryModuleName: 'phone',
  entryModuleVersion: '1.0.0',
  entryPackageName: 'phone',
  allModuleNameHash: 'a3686f21fc259fe5c507f7c76cfe54c37c1457f57c5c2dde4b650bdd1b777cba',
  externalApiPaths: [ 'F:\\DevEco Studio\\sdk\\default\\hms\\ets' ],
  compilerTypes: [],
  isCrossplatform: false,
  hvigorPluginFile: undefined,
  compilePluginPath: undefined,
  buildGeneratedProfilePath: 'F:\\MultiCommunityApplication\\products\\phone\\build\\default\\generated\\profile\\default',
  bundleType: 'app',
  arkTSVersion: undefined,
  apiVersion: 22,
  needCompleteSourcesMap: false,
  isFaMode: false,
  buildDir: 'F:\\MultiCommunityApplication\\products\\phone\\build',
  deviceTypes: [ 'phone', 'tablet' ],
  pkgContextInfo: {
    hot: {
      packageName: 'hot',
      bundleName: '*****',
      moduleName: '',
      version: '1.0.0',
      entryPath: 'Index.ets',
      isSO: false,
      dependencyAlias: ''
    },
    base: {
      packageName: 'base',
      bundleName: '*****',
      moduleName: '',
      version: '1.0.0',
      entryPath: 'Index.ets',
      isSO: false,
      dependencyAlias: ''
    },
    detail: {
      packageName: 'detail',
      bundleName: '*****',
      moduleName: '',
      version: '1.0.0',
      entryPath: 'Index.ets',
      isSO: false,
      dependencyAlias: ''
    },
    rank: {
      packageName: 'rank',
      bundleName: '*****',
      moduleName: '',
      version: '1.0.0',
      entryPath: 'Index.ets',
      isSO: false,
      dependencyAlias: ''
    },
    picture: {
      packageName: 'picture',
      bundleName: '*****',
      moduleName: '',
      version: '1.0.0',
      entryPath: 'Index.ets',
      isSO: false,
      dependencyAlias: ''
    },
    phone: {
      packageName: 'phone',
      bundleName: '*****',
      moduleName: '',
      version: '',
      entryPath: 'src/main/',
      isSO: false,
      dependencyAlias: ''
    }
  },
  ohPackagePathMap: {},
  dependencyAliasMap: {},
  permission: { requestPermissions: undefined, definePermissions: undefined },
  useGetCurrentBundleName: false,
  projectArkOption: {},
  sourceMapDir: undefined,
  branchElimination: false,
  transformLib: undefined,
  tsImportSendable: false,
  resolveConflictMode: true,
  depName2RootPath: {},
  depName2DepInfo: {},
  rootPathSet: [ 'F:\\MultiCommunityApplication' ],
  useNativeResolver: true,
  shouldEmitJs: true,
  useTscResolve: false,
  singleFileEmit: false,
  userProjectConfig: {
    autoLazyImport: false,
    allowEmptyBundleName: false,
    reExportCheckMode: 'noCheck',
    executionMode: 'memory',
    usePathPlaceholder: false,
    writeRollupCache: true,
    isExpandImportEnabled: false,
    expandImportExclude: '',
    lazyImportExclude: '',
    lazyImportInclude: '',
    ignoreCrossplatformCheck: false,
    isHarDeduplicateEnabled: false,
    skipOhModulesLint: false,
    enableStrictCheckOHModule: false,
    disableSendableCheckRules: [],
    useDeclarationFileSignature: false,
    customizedOptions: undefined,
    integratedHsp: false,
    isPreloadSoEnabled: false
  },
  executionMode: 'memory',
  arkCompileCachePath: 'F:\\MultiCommunityApplication\\products\\phone\\build\\default\\cache\\default\\default@CompileArkTS\\esmodule',
  autoLazyFilter: undefined,
  isHarDeduplicateEnabled: false,
  intermediateHarDuplicateDirPath: 'F:\\MultiCommunityApplication\\products\\phone\\build\\default\\intermediates\\har_duplicate\\default',
  autoLazyImport: false,
  allowEmptyBundleName: false,
  reExportCheckMode: 'noCheck',
  usePathPlaceholder: false,
  writeRollupCache: true,
  isExpandImportEnabled: false,
  expandImportExclude: '',
  lazyImportExclude: '',
  lazyImportInclude: '',
  ignoreCrossplatformCheck: false,
  skipOhModulesLint: false,
  enableStrictCheckOHModule: false,
  disableSendableCheckRules: [],
  useDeclarationFileSignature: false,
  customizedOptions: undefined,
  integratedHsp: false,
  isPreloadSoEnabled: false,
  strictMode: {
    caseSensitiveCheck: true,
    useNormalizedOHMUrl: true,
    noExternalImportByPath: true
  },
  useNormalizedOHMUrl: true,
  caseSensitiveCheck: true,
  aceModuleJsonPath: 'F:\\MultiCommunityApplication\\products\\phone\\build\\default\\intermediates\\res\\default\\ark_module.json',
  appResource: 'F:\\MultiCommunityApplication\\products\\phone\\build\\default\\intermediates\\res\\default\\ResourceTable.txt',
  rawFileResource: 'F:\\MultiCommunityApplication\\products\\phone\\build\\default\\intermediates\\res\\default\\resources\\rawfile',
  resourceTableHash: '1725ba23814475166389cefa458878f16954e77148572bab33c03d8f3a7602a2',
  runtimeOS: 'HarmonyOS',
  sdkInfo: 'false:22:6.0.2.130:Release',
  aceModuleRoot: 'F:\\MultiCommunityApplication\\products\\phone\\src\\main\\ets',
  compileMode: 'esmodule',
  aceSuperVisualPath: 'F:\\MultiCommunityApplication\\products\\phone\\src\\main\\supervisual',
  aceBuildJson: 'F:\\MultiCommunityApplication\\products\\phone\\build\\default\\intermediates\\loader\\default\\loader.json',
  cachePath: 'F:\\MultiCommunityApplication\\products\\phone\\build\\default\\cache\\default\\default@CompileArkTS\\esmodule\\debug',
  aceModuleBuild: 'F:\\MultiCommunityApplication\\products\\phone\\build\\default\\intermediates\\loader_out\\default\\ets',
  supportChunks: true,
  declaredFilesPath: undefined,
  shouldCollectDirectImportees: false,
  isByteCodeHarOptimize: false,
  expandImportPath: undefined,
  pkgNameToPkgBriefInfo: {
    hot: {
      pkgRoot: 'F:\\MultiCommunityApplication\\features\\hot',
      pkgName: 'hot',
      sourceRoots: [Array],
      originalSourceRoots: undefined
    },
    base: {
      pkgRoot: 'F:\\MultiCommunityApplication\\commons\\base',
      pkgName: 'base',
      sourceRoots: [Array],
      originalSourceRoots: undefined
    },
    detail: {
      pkgRoot: 'F:\\MultiCommunityApplication\\features\\detail',
      pkgName: 'detail',
      sourceRoots: [Array],
      originalSourceRoots: undefined
    },
    rank: {
      pkgRoot: 'F:\\MultiCommunityApplication\\features\\rank',
      pkgName: 'rank',
      sourceRoots: [Array],
      originalSourceRoots: undefined
    },
    picture: {
      pkgRoot: 'F:\\MultiCommunityApplication\\features\\picture',
      pkgName: 'picture',
      sourceRoots: [Array],
      originalSourceRoots: undefined
    },
    phone: {
      pkgRoot: 'F:\\MultiCommunityApplication\\products\\phone',
      originalSourceRoots: undefined,
      sourceRoots: [Array],
      pkgName: 'phone'
    }
  },
  projectModel: {
    'F:\\MultiCommunityApplication\\products\\phone\\src\\main': {
      moduleName: 'phone',
      modulePkgPath: 'F:\\MultiCommunityApplication\\products\\phone',
      belongProjectPath: 'F:\\MultiCommunityApplication'
    },
    'F:\\MultiCommunityApplication\\products\\phone': {
      moduleName: 'phone',
      modulePkgPath: 'F:\\MultiCommunityApplication\\products\\phone',
      belongProjectPath: 'F:\\MultiCommunityApplication'
    },
    'F:\\MultiCommunityApplication\\commons\\base\\src\\main': {
      moduleName: 'base',
      modulePkgPath: 'F:\\MultiCommunityApplication\\commons\\base',
      belongProjectPath: 'F:\\MultiCommunityApplication'
    },
    'F:\\MultiCommunityApplication\\commons\\base': {
      moduleName: 'base',
      modulePkgPath: 'F:\\MultiCommunityApplication\\commons\\base',
      belongProjectPath: 'F:\\MultiCommunityApplication'
    },
    'F:\\MultiCommunityApplication\\features\\detail\\src\\main': {
      moduleName: 'detail',
      modulePkgPath: 'F:\\MultiCommunityApplication\\features\\detail',
      belongProjectPath: 'F:\\MultiCommunityApplication'
    },
    'F:\\MultiCommunityApplication\\features\\detail': {
      moduleName: 'detail',
      modulePkgPath: 'F:\\MultiCommunityApplication\\features\\detail',
      belongProjectPath: 'F:\\MultiCommunityApplication'
    },
    'F:\\MultiCommunityApplication\\features\\hot\\src\\main': {
      moduleName: 'hot',
      modulePkgPath: 'F:\\MultiCommunityApplication\\features\\hot',
      belongProjectPath: 'F:\\MultiCommunityApplication'
    },
    'F:\\MultiCommunityApplication\\features\\hot': {
      moduleName: 'hot',
      modulePkgPath: 'F:\\MultiCommunityApplication\\features\\hot',
      belongProjectPath: 'F:\\MultiCommunityApplication'
    },
    'F:\\MultiCommunityApplication\\features\\rank\\src\\main': {
      moduleName: 'rank',
      modulePkgPath: 'F:\\MultiCommunityApplication\\features\\rank',
      belongProjectPath: 'F:\\MultiCommunityApplication'
    },
    'F:\\MultiCommunityApplication\\features\\rank': {
      moduleName: 'rank',
      modulePkgPath: 'F:\\MultiCommunityApplication\\features\\rank',
      belongProjectPath: 'F:\\MultiCommunityApplication'
    },
    'F:\\MultiCommunityApplication\\features\\picture\\src\\main': {
      moduleName: 'picture',
      modulePkgPath: 'F:\\MultiCommunityApplication\\features\\picture',
      belongProjectPath: 'F:\\MultiCommunityApplication'
    },
    'F:\\MultiCommunityApplication\\features\\picture': {
      moduleName: 'picture',
      modulePkgPath: 'F:\\MultiCommunityApplication\\features\\picture',
      belongProjectPath: 'F:\\MultiCommunityApplication'
    },
    'F:\\MultiCommunityApplication': {
      moduleName: 'MultiCommunityApplication',
      modulePkgPath: 'F:\\MultiCommunityApplication',
      belongProjectPath: 'F:\\MultiCommunityApplication'
    }
  },
  pkgJsonFileHash: 'e446394fcf4058284620a969972b2828c4b74015e9c81dcaeec5e0487d052acd',
  allModulePaths: [
    'F:\\MultiCommunityApplication\\products\\phone',
    'F:\\MultiCommunityApplication\\commons\\base',
    'F:\\MultiCommunityApplication\\features\\detail',
    'F:\\MultiCommunityApplication\\features\\hot',
    'F:\\MultiCommunityApplication\\features\\rank',
    'F:\\MultiCommunityApplication\\features\\picture'
  ],
  routerMap: {},
  obfuscationOptions: undefined,
  byteCodeHarToDependencyKeys: undefined,
  compileBlockPkg: [],
  mockParams: {
    decorator: '@MockSetup',
    packageName: '@ohos/hamock',
    etsSourceRootPath: 'src/main/ets',
    mockConfigPath: undefined,
    mockConfigKey2ModuleInfo: {},
    source2ModuleIdMap: {}
  },
  copyCodeResourceEnable: true,
  copyCodeResourceExcludes: [],
  copyCodeResourceIncludes: undefined,
  uiTransformOptimization: false,
  sdkPath: 'F:/DevEco Studio/sdk',
  needPreloadSoFileSet: {},
  preloadSoFilePath: 'F:\\MultiCommunityApplication\\products\\phone\\build\\default\\intermediates\\preload\\default\\preload.json',
  useSourceHash: false,
  localModuleParamMap: {},
  otherPaths: {
    'hot/*': [
      '..\\..\\..\\..\\..\\features\\hot\\src\\main\\*',
      '..\\..\\..\\..\\..\\features\\hot\\build\\default\\generated\\profile\\default\\*'
    ],
    'base/*': [
      '..\\..\\..\\..\\..\\commons\\base\\src\\main\\*',
      '..\\..\\..\\..\\..\\commons\\base\\build\\default\\generated\\profile\\default\\*'
    ],
    'detail/*': [
      '..\\..\\..\\..\\..\\features\\detail\\src\\main\\*',
      '..\\..\\..\\..\\..\\features\\detail\\build\\default\\generated\\profile\\default\\*'
    ],
    'rank/*': [
      '..\\..\\..\\..\\..\\features\\rank\\src\\main\\*',
      '..\\..\\..\\..\\..\\features\\rank\\build\\default\\generated\\profile\\default\\*'
    ],
    'picture/*': [
      '..\\..\\..\\..\\..\\features\\picture\\src\\main\\*',
      '..\\..\\..\\..\\..\\features\\picture\\build\\default\\generated\\profile\\default\\*'
    ],
    'phone/*': [
      '..\\*',
      '..\\..\\..\\build\\default\\generated\\profile\\default\\*'
    ]
  },
  collectImportersConfig: undefined
}
[2026-05-12T18:04:32.624] [DEBUG] debug-file - Compile arkts with external api path: F:\DevEco Studio\sdk\default\hms\ets
[2026-05-12T18:04:32.625] [DEBUG] debug-file - default@CompileArkTS work[2] is submitted.
[2026-05-12T18:04:32.625] [DEBUG] debug-file - default@CompileArkTS work[2] is pushed to ready queue.
[2026-05-12T18:04:32.625] [DEBUG] debug-file - A work dispatched to worker[11] failed because unable to get work from ready queue.
[2026-05-12T18:04:32.626] [DEBUG] debug-file - A work dispatched to worker[10] failed because unable to get work from ready queue.
[2026-05-12T18:04:32.626] [DEBUG] debug-file - A work dispatched to worker[9] failed because unable to get work from ready queue.
[2026-05-12T18:04:32.626] [DEBUG] debug-file - A work dispatched to worker[8] failed because unable to get work from ready queue.
[2026-05-12T18:04:32.626] [DEBUG] debug-file - A work dispatched to worker[7] failed because unable to get work from ready queue.
[2026-05-12T18:04:32.626] [DEBUG] debug-file - A work dispatched to worker[6] failed because unable to get work from ready queue.
[2026-05-12T18:04:32.626] [DEBUG] debug-file - A work dispatched to worker[5] failed because unable to get work from ready queue.
[2026-05-12T18:04:32.626] [DEBUG] debug-file - default@CompileArkTS work[2] has been dispatched to worker[4].
[2026-05-12T18:04:32.627] [DEBUG] debug-file - default@CompileArkTS work[2] is dispatched.
[2026-05-12T18:04:32.627] [DEBUG] debug-file - CopyResources startTime: 1894732466047000
[2026-05-12T18:04:32.627] [DEBUG] debug-file - default@CompileArkTS work[3] is submitted.
[2026-05-12T18:04:32.628] [DEBUG] debug-file - default@CompileArkTS work[3] is pushed to ready queue.
[2026-05-12T18:04:32.628] [DEBUG] debug-file - A work dispatched to worker[11] failed because unable to get work from ready queue.
[2026-05-12T18:04:32.628] [DEBUG] debug-file - Create  resident worker with id: 10.
[2026-05-12T18:04:32.631] [DEBUG] debug-file - default@CompileArkTS work[3] has been dispatched to worker[10].
[2026-05-12T18:04:32.631] [DEBUG] debug-file - default@CompileArkTS work[3] is dispatched.
[2026-05-12T18:04:32.631] [DEBUG] debug-file - phone : default@CompileArkTS cost memory -1.7768936157226562
[2026-05-12T18:04:32.636] [DEBUG] debug-file - Executing task :phone:default@BuildJS
[2026-05-12T18:04:32.637] [DEBUG] debug-file - Task 'phone:default@BuildJS' cost while wrapping incremental declarations: 1 ms 
[2026-05-12T18:04:32.643] [DEBUG] debug-file - phone : default@BuildJS cost memory 0.21237945556640625
[2026-05-12T18:04:32.643] [DEBUG] debug-file - runTaskFromQueue task cost before running: 1 s 110 ms 
[2026-05-12T18:04:32.644] [INFO] debug-file - Finished :phone:default@BuildJS... after 8 ms 
[2026-05-12T18:04:32.646] [DEBUG] debug-file - Executing task :picture:default@BuildNativeWithNinja
[2026-05-12T18:04:32.648] [DEBUG] debug-file - picture : default@BuildNativeWithNinja cost memory 0.0233001708984375
[2026-05-12T18:04:32.649] [DEBUG] debug-file - runTaskFromQueue task cost before running: 1 s 115 ms 
[2026-05-12T18:04:32.649] [INFO] debug-file - Finished :picture:default@BuildNativeWithNinja... after 4 ms 
[2026-05-12T18:04:32.650] [DEBUG] debug-file - Executing task :hot:default@BuildNativeWithNinja
[2026-05-12T18:04:32.651] [DEBUG] debug-file - hot : default@BuildNativeWithNinja cost memory 0.0227203369140625
[2026-05-12T18:04:32.651] [DEBUG] debug-file - runTaskFromQueue task cost before running: 1 s 118 ms 
[2026-05-12T18:04:32.652] [INFO] debug-file - Finished :hot:default@BuildNativeWithNinja... after 1 ms 
[2026-05-12T18:04:32.653] [DEBUG] debug-file - Executing task :picture:default@ProcessLibs
[2026-05-12T18:04:32.656] [DEBUG] debug-file - Incremental task picture:default@ProcessLibs pre-execution cost: 2 ms .
[2026-05-12T18:04:32.656] [DEBUG] debug-file - picture : default@ProcessLibs cost memory 0.10040283203125
[2026-05-12T18:04:32.657] [INFO] debug-file - UP-TO-DATE :picture:default@ProcessLibs...  
[2026-05-12T18:04:32.658] [DEBUG] debug-file - Executing task :hot:default@ProcessLibs
[2026-05-12T18:04:32.661] [DEBUG] debug-file - Incremental task hot:default@ProcessLibs pre-execution cost: 2 ms .
[2026-05-12T18:04:32.661] [DEBUG] debug-file - hot : default@ProcessLibs cost memory 0.0994873046875
[2026-05-12T18:04:32.662] [INFO] debug-file - UP-TO-DATE :hot:default@ProcessLibs...  
[2026-05-12T18:04:32.664] [DEBUG] debug-file - Executing task :picture:default@DoNativeStrip
[2026-05-12T18:04:32.665] [DEBUG] debug-file - Task 'picture:default@DoNativeStrip' cost while wrapping incremental declarations: 1 ms 
[2026-05-12T18:04:32.667] [DEBUG] debug-file - Incremental task picture:default@DoNativeStrip pre-execution cost: 2 ms .
[2026-05-12T18:04:32.667] [DEBUG] debug-file - picture : default@DoNativeStrip cost memory 0.08431243896484375
[2026-05-12T18:04:32.668] [INFO] debug-file - UP-TO-DATE :picture:default@DoNativeStrip...  
[2026-05-12T18:04:32.670] [DEBUG] debug-file - Executing task :hot:default@DoNativeStrip
[2026-05-12T18:04:32.671] [DEBUG] debug-file - Task 'hot:default@DoNativeStrip' cost while wrapping incremental declarations: 1 ms 
[2026-05-12T18:04:32.673] [DEBUG] debug-file - Incremental task hot:default@DoNativeStrip pre-execution cost: 2 ms .
[2026-05-12T18:04:32.674] [DEBUG] debug-file - hot : default@DoNativeStrip cost memory 0.08286285400390625
[2026-05-12T18:04:32.674] [INFO] debug-file - UP-TO-DATE :hot:default@DoNativeStrip...  
[2026-05-12T18:04:32.676] [DEBUG] debug-file - Executing task :phone:default@BuildNativeWithNinja
[2026-05-12T18:04:32.678] [DEBUG] debug-file - phone : default@BuildNativeWithNinja cost memory 0.02295684814453125
[2026-05-12T18:04:32.678] [DEBUG] debug-file - runTaskFromQueue task cost before running: 1 s 145 ms 
[2026-05-12T18:04:32.679] [INFO] debug-file - Finished :phone:default@BuildNativeWithNinja... after 3 ms 
[2026-05-12T18:04:32.683] [DEBUG] debug-file - Executing task :phone:default@ProcessLibs
[2026-05-12T18:04:32.727] [DEBUG] debug-file - Incremental task phone:default@ProcessLibs pre-execution cost: 10 ms .
[2026-05-12T18:04:32.728] [DEBUG] debug-file - phone : default@ProcessLibs cost memory 0.7892532348632812
[2026-05-12T18:04:32.731] [INFO] debug-file - UP-TO-DATE :phone:default@ProcessLibs...  
[2026-05-12T18:04:32.737] [DEBUG] debug-file - Executing task :phone:default@DoNativeStrip
[2026-05-12T18:04:32.740] [DEBUG] debug-file - Task 'phone:default@DoNativeStrip' cost while wrapping incremental declarations: 3 ms 
[2026-05-12T18:04:32.744] [DEBUG] debug-file - Incremental task phone:default@DoNativeStrip pre-execution cost: 3 ms .
[2026-05-12T18:04:32.745] [DEBUG] debug-file - phone : default@DoNativeStrip cost memory 0.08327484130859375
[2026-05-12T18:04:32.747] [INFO] debug-file - UP-TO-DATE :phone:default@DoNativeStrip...  
[2026-05-12T18:04:32.751] [DEBUG] debug-file - Executing task :phone:default@CacheNativeLibs
[2026-05-12T18:04:32.753] [DEBUG] debug-file - Task 'phone:default@CacheNativeLibs' cost while wrapping incremental declarations: 1 ms 
[2026-05-12T18:04:32.757] [DEBUG] debug-file - Incremental task phone:default@CacheNativeLibs pre-execution cost: 4 ms .
[2026-05-12T18:04:32.758] [DEBUG] debug-file - phone : default@CacheNativeLibs cost memory 0.09757232666015625
[2026-05-12T18:04:32.760] [INFO] debug-file - UP-TO-DATE :phone:default@CacheNativeLibs...  
[2026-05-12T18:04:34.122] [DEBUG] debug-file - worker[10] has one work done.
[2026-05-12T18:04:34.122] [DEBUG] debug-file - CopyResources is end, endTime: 1894733960926400
[2026-05-12T18:04:34.122] [DEBUG] debug-file - default@CompileArkTS work[3] done.
[2026-05-12T18:04:34.122] [DEBUG] debug-file - A work dispatched to worker[10] failed because unable to get work from ready queue.
[2026-05-12T18:04:38.686] [DEBUG] debug-file - worker[4] has one work done.
[2026-05-12T18:04:38.691] [DEBUG] debug-file - default@CompileArkTS work[2] done.
[2026-05-12T18:04:38.692] [DEBUG] debug-file - A work dispatched to worker[4] failed because unable to get work from ready queue.
[2026-05-12T18:04:38.696] [INFO] debug-file - Finished :phone:default@CompileArkTS... after 6 s 101 ms 
[2026-05-12T18:04:38.699] [DEBUG] debug-file - Executing task :phone:default@GeneratePkgModuleJson
[2026-05-12T18:04:38.699] [DEBUG] debug-file - File: 'F:\MultiCommunityApplication\products\phone\build\default\intermediates\preload\default\preload.json' from 'preloadSoJsonPath' is not exists, just ignore.
[2026-05-12T18:04:38.702] [DEBUG] debug-file - Error occurs while handling @Input 'shouldDeduplicateHar': The "data" argument must be of type string or an instance of Buffer, TypedArray, or DataView. Received undefined
[2026-05-12T18:04:38.702] [DEBUG] debug-file - Task 'phone:default@GeneratePkgModuleJson' cost while wrapping incremental declarations: 4 ms 
[2026-05-12T18:04:38.704] [DEBUG] debug-file - Incremental task phone:default@GeneratePkgModuleJson pre-execution cost: 2 ms .
[2026-05-12T18:04:38.704] [DEBUG] debug-file - phone : default@GeneratePkgModuleJson cost memory 0.12256622314453125
[2026-05-12T18:04:38.705] [INFO] debug-file - UP-TO-DATE :phone:default@GeneratePkgModuleJson...  
[2026-05-12T18:04:38.707] [DEBUG] debug-file - Executing task :phone:default@ProcessCompiledResources
[2026-05-12T18:04:38.707] [DEBUG] debug-file - File: 'F:\MultiCommunityApplication\products\phone\build\default\intermediates\preload\default\preload.json' from 'preloadSoJsonPath' is not exists, just ignore.
[2026-05-12T18:04:38.708] [DEBUG] debug-file - Task 'phone:default@ProcessCompiledResources' cost while wrapping incremental declarations: 1 ms 
[2026-05-12T18:04:38.709] [DEBUG] debug-file - phone : default@ProcessCompiledResources cost memory 0.06488800048828125
[2026-05-12T18:04:38.709] [DEBUG] debug-file - runTaskFromQueue task cost before running: 7 s 175 ms 
[2026-05-12T18:04:38.709] [INFO] debug-file - Finished :phone:default@ProcessCompiledResources... after 2 ms 
[2026-05-12T18:04:38.715] [DEBUG] debug-file - Executing task :phone:default@PackageHap
[2026-05-12T18:04:38.734] [DEBUG] debug-file - phone:default@PackageHap is not up-to-date, since the input file 'F:\MultiCommunityApplication\products\phone\build\default\intermediates\loader_out\default\ets' has been changed.
[2026-05-12T18:04:38.734] [DEBUG] debug-file - Incremental task phone:default@PackageHap pre-execution cost: 17 ms .
[2026-05-12T18:04:38.737] [DEBUG] debug-file - Use tool [F:\DevEco Studio\sdk\default\openharmony\toolchains\lib\app_packing_tool.jar]
 [
  'java',
  '-Dfile.encoding=GBK',
  '-jar',
  'F:\\DevEco Studio\\sdk\\default\\openharmony\\toolchains\\lib\\app_packing_tool.jar',
  '--mode',
  'hap',
  '--force',
  'true',
  '--lib-path',
  'F:\\MultiCommunityApplication\\products\\phone\\build\\default\\intermediates\\stripped_native_libs\\default',
  '--json-path',
  'F:\\MultiCommunityApplication\\products\\phone\\build\\default\\intermediates\\package\\default\\module.json',
  '--resources-path',
  'F:\\MultiCommunityApplication\\products\\phone\\build\\default\\intermediates\\res\\default\\resources',
  '--index-path',
  'F:\\MultiCommunityApplication\\products\\phone\\build\\default\\intermediates\\res\\default\\resources.index',
  '--pack-info-path',
  'F:\\MultiCommunityApplication\\products\\phone\\build\\default\\outputs\\default\\pack.info',
  '--out-path',
  'F:\\MultiCommunityApplication\\products\\phone\\build\\default\\outputs\\default\\phone-default-unsigned.hap',
  '--ets-path',
  'F:\\MultiCommunityApplication\\products\\phone\\build\\default\\intermediates\\loader_out\\default\\ets',
  '--pkg-context-path',
  'F:\\MultiCommunityApplication\\products\\phone\\build\\default\\intermediates\\loader\\default\\pkgContextInfo.json'
]
[2026-05-12T18:04:41.080] [DEBUG] debug-file - java daemon socket received message:{"code":0,"message":"pack success"}
[2026-05-12T18:04:41.097] [DEBUG] debug-file - phone : default@PackageHap cost memory 1.9454345703125
[2026-05-12T18:04:41.098] [DEBUG] debug-file - runTaskFromQueue task cost before running: 9 s 564 ms 
[2026-05-12T18:04:41.101] [INFO] debug-file - Finished :phone:default@PackageHap... after 2 s 384 ms 
[2026-05-12T18:04:41.104] [DEBUG] debug-file - Executing task :phone:default@PackingCheck
[2026-05-12T18:04:41.114] [DEBUG] debug-file - phone : default@PackingCheck cost memory 0.679718017578125
[2026-05-12T18:04:41.114] [DEBUG] debug-file - runTaskFromQueue task cost before running: 9 s 580 ms 
[2026-05-12T18:04:41.114] [INFO] debug-file - Finished :phone:default@PackingCheck... after 11 ms 
[2026-05-12T18:04:41.116] [DEBUG] debug-file - Executing task :phone:default@SignHap
[2026-05-12T18:04:41.116] [WARN] debug-file - Will skip sign 'hos_hap'. No signingConfigs profile is configured in current project.
             If needed, configure the signingConfigs in F:\MultiCommunityApplication\build-profile.json5.
[2026-05-12T18:04:41.117] [DEBUG] debug-file - phone:default@SignHap is not up-to-date, since the input file 'F:\MultiCommunityApplication\products\phone\build\default\outputs\default\phone-default-unsigned.hap' has been changed.
[2026-05-12T18:04:41.117] [DEBUG] debug-file - Incremental task phone:default@SignHap pre-execution cost: 1 ms .
[2026-05-12T18:04:41.118] [DEBUG] debug-file - phone : default@SignHap cost memory 0.12445068359375
[2026-05-12T18:04:41.118] [DEBUG] debug-file - runTaskFromQueue task cost before running: 9 s 585 ms 
[2026-05-12T18:04:41.119] [INFO] debug-file - Finished :phone:default@SignHap... after 3 ms 
[2026-05-12T18:04:41.121] [DEBUG] debug-file - Executing task :phone:default@CollectDebugSymbol
[2026-05-12T18:04:41.122] [DEBUG] debug-file - phone : default@CollectDebugSymbol cost memory 0.088836669921875
[2026-05-12T18:04:41.122] [DEBUG] debug-file - runTaskFromQueue task cost before running: 9 s 588 ms 
[2026-05-12T18:04:41.122] [INFO] debug-file - Finished :phone:default@CollectDebugSymbol... after 2 ms 
[2026-05-12T18:04:41.122] [DEBUG] debug-file - Executing task :phone:assembleHap
[2026-05-12T18:04:41.122] [DEBUG] debug-file - phone : assembleHap cost memory 0.01371002197265625
[2026-05-12T18:04:41.122] [DEBUG] debug-file - runTaskFromQueue task cost before running: 9 s 589 ms 
[2026-05-12T18:04:41.123] [INFO] debug-file - Finished :phone:assembleHap... after 1 ms 
[2026-05-12T18:04:41.132] [INFO] debug-file - BUILD SUCCESSFUL in 9 s 599 ms 
[2026-05-12T18:04:41.133] [DEBUG] debug-file - There is no need to refresh cache, since the incremental task phone:default@PreBuild is up-to-date.
[2026-05-12T18:04:41.133] [DEBUG] debug-file - There is no need to refresh cache, since the incremental task hot:default@PreBuild is up-to-date.
[2026-05-12T18:04:41.133] [DEBUG] debug-file - There is no need to refresh cache, since the incremental task rank:default@PreBuild is up-to-date.
[2026-05-12T18:04:41.133] [DEBUG] debug-file - There is no need to refresh cache, since the incremental task base:default@PreBuild is up-to-date.
[2026-05-12T18:04:41.133] [DEBUG] debug-file - There is no need to refresh cache, since the incremental task detail:default@PreBuild is up-to-date.
[2026-05-12T18:04:41.133] [DEBUG] debug-file - There is no need to refresh cache, since the incremental task picture:default@PreBuild is up-to-date.
[2026-05-12T18:04:41.133] [DEBUG] debug-file - Update task phone:default@CreateModuleInfo output file:F:\MultiCommunityApplication\products\phone\build\default\generated\profile\default\ModuleInfo.ts cache.
[2026-05-12T18:04:41.133] [DEBUG] debug-file - Incremental task phone:default@CreateModuleInfo post-execution cost:1 ms .
[2026-05-12T18:04:41.134] [DEBUG] debug-file - There is no need to refresh cache, since the incremental task phone:default@GenerateMetadata is up-to-date.
[2026-05-12T18:04:41.134] [DEBUG] debug-file - There is no need to refresh cache, since the incremental task phone:default@GeneratePkgContextInfo is up-to-date.
[2026-05-12T18:04:41.134] [DEBUG] debug-file - Update task phone:default@ProcessIntegratedHsp output file:F:\MultiCommunityApplication\build\cache\default\integrated_hsp\integratedHspCache.json cache.
[2026-05-12T18:04:41.134] [DEBUG] debug-file - Incremental task phone:default@ProcessIntegratedHsp post-execution cost:1 ms .
[2026-05-12T18:04:41.134] [DEBUG] debug-file - There is no need to refresh cache, since the incremental task base:default@CreateHarBuildProfile is up-to-date.
[2026-05-12T18:04:41.134] [DEBUG] debug-file - There is no need to refresh cache, since the incremental task base:default@MergeProfile is up-to-date.
[2026-05-12T18:04:41.134] [DEBUG] debug-file - Update task phone:default@SyscapTransform input file:F:\DevEco Studio\sdk\default\openharmony\toolchains\syscap_tool.exe cache by regenerate.
[2026-05-12T18:04:41.135] [DEBUG] debug-file - Update task phone:default@SyscapTransform input file:F:\DevEco Studio\sdk\default\openharmony\ets\api\device-define cache by regenerate.
[2026-05-12T18:04:41.135] [DEBUG] debug-file - Update task phone:default@SyscapTransform output file:F:\MultiCommunityApplication\products\phone\build\default\intermediates\syscap\default\rpcid.sc cache.
[2026-05-12T18:04:41.136] [DEBUG] debug-file - Incremental task phone:default@SyscapTransform post-execution cost:2 ms .
[2026-05-12T18:04:41.136] [DEBUG] debug-file - There is no need to refresh cache, since the incremental task phone:default@ProcessRouterMap is up-to-date.
[2026-05-12T18:04:41.136] [DEBUG] debug-file - There is no need to refresh cache, since the incremental task phone:default@ProcessShareConfig is up-to-date.
[2026-05-12T18:04:41.137] [DEBUG] debug-file - Update task phone:default@ProcessStartupConfig input file:F:\MultiCommunityApplication\products\phone\build\default\intermediates\loader\default\pkgContextInfo.json cache by regenerate.
[2026-05-12T18:04:41.137] [DEBUG] debug-file - Update task phone:default@ProcessStartupConfig output file:F:\MultiCommunityApplication\products\phone\build\default\intermediates\startup\default\startup_config.json cache.
[2026-05-12T18:04:41.137] [DEBUG] debug-file - Incremental task phone:default@ProcessStartupConfig post-execution cost:1 ms .
[2026-05-12T18:04:41.137] [DEBUG] debug-file - There is no need to refresh cache, since the incremental task detail:default@CreateHarBuildProfile is up-to-date.
[2026-05-12T18:04:41.137] [DEBUG] debug-file - There is no need to refresh cache, since the incremental task rank:default@CreateHarBuildProfile is up-to-date.
[2026-05-12T18:04:41.137] [DEBUG] debug-file - There is no need to refresh cache, since the incremental task detail:default@MergeProfile is up-to-date.
[2026-05-12T18:04:41.137] [DEBUG] debug-file - There is no need to refresh cache, since the incremental task rank:default@MergeProfile is up-to-date.
[2026-05-12T18:04:41.137] [DEBUG] debug-file - There is no need to refresh cache, since the incremental task phone:default@GenerateLoaderJson is up-to-date.
[2026-05-12T18:04:41.138] [DEBUG] debug-file - There is no need to refresh cache, since the incremental task picture:default@CreateHarBuildProfile is up-to-date.
[2026-05-12T18:04:41.138] [DEBUG] debug-file - There is no need to refresh cache, since the incremental task hot:default@CreateHarBuildProfile is up-to-date.
[2026-05-12T18:04:41.138] [DEBUG] debug-file - There is no need to refresh cache, since the incremental task picture:default@MergeProfile is up-to-date.
[2026-05-12T18:04:41.138] [DEBUG] debug-file - There is no need to refresh cache, since the incremental task hot:default@MergeProfile is up-to-date.
[2026-05-12T18:04:41.138] [DEBUG] debug-file - There is no need to refresh cache, since the incremental task phone:default@CreateBuildProfile is up-to-date.
[2026-05-12T18:04:41.138] [DEBUG] debug-file - There is no need to refresh cache, since the incremental task base:default@ProcessLibs is up-to-date.
[2026-05-12T18:04:41.138] [DEBUG] debug-file - There is no need to refresh cache, since the incremental task phone:default@MergeProfile is up-to-date.
[2026-05-12T18:04:41.138] [DEBUG] debug-file - There is no need to refresh cache, since the incremental task base:default@DoNativeStrip is up-to-date.
[2026-05-12T18:04:41.138] [DEBUG] debug-file - There is no need to refresh cache, since the incremental task phone:default@MakePackInfo is up-to-date.
[2026-05-12T18:04:41.138] [DEBUG] debug-file - There is no need to refresh cache, since the incremental task phone:default@ProcessProfile is up-to-date.
[2026-05-12T18:04:41.138] [DEBUG] debug-file - There is no need to refresh cache, since the incremental task phone:default@ProcessResource is up-to-date.
[2026-05-12T18:04:41.138] [DEBUG] debug-file - There is no need to refresh cache, since the incremental task detail:default@ProcessLibs is up-to-date.
[2026-05-12T18:04:41.138] [DEBUG] debug-file - There is no need to refresh cache, since the incremental task rank:default@ProcessLibs is up-to-date.
[2026-05-12T18:04:41.138] [DEBUG] debug-file - There is no need to refresh cache, since the incremental task phone:default@CompileResource is up-to-date.
[2026-05-12T18:04:41.138] [DEBUG] debug-file - There is no need to refresh cache, since the incremental task detail:default@DoNativeStrip is up-to-date.
[2026-05-12T18:04:41.138] [DEBUG] debug-file - There is no need to refresh cache, since the incremental task rank:default@DoNativeStrip is up-to-date.
[2026-05-12T18:04:41.140] [DEBUG] debug-file - Update task phone:default@CompileArkTS input file:F:\MultiCommunityApplication\products\phone\build\default\intermediates\loader\default cache by regenerate.
[2026-05-12T18:04:41.141] [DEBUG] debug-file - Update task phone:default@CompileArkTS input file:F:\MultiCommunityApplication\features\hot\Index.ets cache by regenerate.
[2026-05-12T18:04:41.141] [DEBUG] debug-file - Update task phone:default@CompileArkTS input file:F:\MultiCommunityApplication\commons\base\Index.ets cache by regenerate.
[2026-05-12T18:04:41.142] [DEBUG] debug-file - Update task phone:default@CompileArkTS input file:F:\MultiCommunityApplication\features\detail\Index.ets cache by regenerate.
[2026-05-12T18:04:41.142] [DEBUG] debug-file - Update task phone:default@CompileArkTS input file:F:\MultiCommunityApplication\features\rank\Index.ets cache by regenerate.
[2026-05-12T18:04:41.142] [DEBUG] debug-file - Update task phone:default@CompileArkTS input file:F:\MultiCommunityApplication\features\picture\Index.ets cache by regenerate.
[2026-05-12T18:04:41.142] [DEBUG] debug-file - Update task phone:default@CompileArkTS input file:F:\MultiCommunityApplication\features\hot\src\main\ets cache by regenerate.
[2026-05-12T18:04:41.143] [DEBUG] debug-file - Update task phone:default@CompileArkTS input file:F:\MultiCommunityApplication\commons\base\src\main\ets cache by regenerate.
[2026-05-12T18:04:41.144] [DEBUG] debug-file - Update task phone:default@CompileArkTS input file:F:\MultiCommunityApplication\features\detail\src\main\ets cache by regenerate.
[2026-05-12T18:04:41.147] [DEBUG] debug-file - Update task phone:default@CompileArkTS input file:F:\MultiCommunityApplication\features\rank\src\main\ets cache by regenerate.
[2026-05-12T18:04:41.148] [DEBUG] debug-file - Update task phone:default@CompileArkTS input file:F:\MultiCommunityApplication\features\picture\src\main\ets cache by regenerate.
[2026-05-12T18:04:41.149] [DEBUG] debug-file - Update task phone:default@CompileArkTS input file:F:\MultiCommunityApplication\products\phone\build\default\intermediates\res\default\resources\rawfile cache by regenerate.
[2026-05-12T18:04:41.149] [DEBUG] debug-file - Update task phone:default@CompileArkTS input file:F:\MultiCommunityApplication\products\phone\build\default\intermediates\res\default\ResourceTable.txt cache by regenerate.
[2026-05-12T18:04:41.149] [DEBUG] debug-file - Update task phone:default@CompileArkTS input file:F:\MultiCommunityApplication\products\phone\build\default\intermediates\res\default\ark_module.json cache by regenerate.
[2026-05-12T18:04:41.149] [DEBUG] debug-file - Update task phone:default@CompileArkTS input file:F:\MultiCommunityApplication\products\phone\build\default\intermediates\res\default\resources\base\profile cache by regenerate.
[2026-05-12T18:04:41.149] [DEBUG] debug-file - Update task phone:default@CompileArkTS input file:F:\MultiCommunityApplication\products\phone\src\main\ets cache by regenerate.
[2026-05-12T18:04:41.150] [DEBUG] debug-file - Update task phone:default@CompileArkTS input file:F:\MultiCommunityApplication\products\phone\build\default\intermediates\loader\default\pkgContextInfo.json cache by regenerate.
[2026-05-12T18:04:41.150] [DEBUG] debug-file - Update task phone:default@CompileArkTS input file:F:\MultiCommunityApplication\products\phone\build\default\generated\profile\default\BuildProfile.ets cache by regenerate.
[2026-05-12T18:04:41.151] [DEBUG] debug-file - Update task phone:default@CompileArkTS input file:F:\MultiCommunityApplication\features\hot\BuildProfile.ets cache by regenerate.
[2026-05-12T18:04:41.151] [DEBUG] debug-file - Update task phone:default@CompileArkTS input file:F:\MultiCommunityApplication\commons\base\BuildProfile.ets cache by regenerate.
[2026-05-12T18:04:41.151] [DEBUG] debug-file - Update task phone:default@CompileArkTS input file:F:\MultiCommunityApplication\features\detail\BuildProfile.ets cache by regenerate.
[2026-05-12T18:04:41.151] [DEBUG] debug-file - Update task phone:default@CompileArkTS input file:F:\MultiCommunityApplication\features\rank\BuildProfile.ets cache by regenerate.
[2026-05-12T18:04:41.151] [DEBUG] debug-file - Update task phone:default@CompileArkTS input file:F:\MultiCommunityApplication\features\picture\BuildProfile.ets cache by regenerate.
[2026-05-12T18:04:41.151] [DEBUG] debug-file - Update task phone:default@CompileArkTS output file:F:\MultiCommunityApplication\products\phone\build\default\intermediates\loader_out\default\ets cache.
[2026-05-12T18:04:41.152] [DEBUG] debug-file - Incremental task phone:default@CompileArkTS post-execution cost:14 ms .
[2026-05-12T18:04:41.153] [DEBUG] debug-file - Update task phone:default@BuildJS input file:F:\MultiCommunityApplication\products\phone\build\default\intermediates\loader\default cache by regenerate.
[2026-05-12T18:04:41.154] [DEBUG] debug-file - Update task phone:default@BuildJS input file:F:\MultiCommunityApplication\features\hot\Index.ets cache by regenerate.
[2026-05-12T18:04:41.154] [DEBUG] debug-file - Update task phone:default@BuildJS input file:F:\MultiCommunityApplication\commons\base\Index.ets cache by regenerate.
[2026-05-12T18:04:41.154] [DEBUG] debug-file - Update task phone:default@BuildJS input file:F:\MultiCommunityApplication\features\detail\Index.ets cache by regenerate.
[2026-05-12T18:04:41.154] [DEBUG] debug-file - Update task phone:default@BuildJS input file:F:\MultiCommunityApplication\features\rank\Index.ets cache by regenerate.
[2026-05-12T18:04:41.154] [DEBUG] debug-file - Update task phone:default@BuildJS input file:F:\MultiCommunityApplication\features\picture\Index.ets cache by regenerate.
[2026-05-12T18:04:41.155] [DEBUG] debug-file - Update task phone:default@BuildJS input file:F:\MultiCommunityApplication\products\phone\build\default\intermediates\res\default\resources\rawfile cache by regenerate.
[2026-05-12T18:04:41.155] [DEBUG] debug-file - Update task phone:default@BuildJS input file:F:\MultiCommunityApplication\products\phone\build\default\intermediates\res\default\ResourceTable.txt cache by regenerate.
[2026-05-12T18:04:41.155] [DEBUG] debug-file - Update task phone:default@BuildJS input file:F:\MultiCommunityApplication\products\phone\build\default\intermediates\res\default\ark_module.json cache by regenerate.
[2026-05-12T18:04:41.155] [DEBUG] debug-file - Update task phone:default@BuildJS input file:F:\MultiCommunityApplication\products\phone\build\default\intermediates\res\default\resources\base\profile cache by regenerate.
[2026-05-12T18:04:41.156] [DEBUG] debug-file - Update task phone:default@BuildJS input file:F:\MultiCommunityApplication\products\phone\build\default\intermediates\loader\default\pkgContextInfo.json cache by regenerate.
[2026-05-12T18:04:41.156] [DEBUG] debug-file - Update task phone:default@BuildJS output file:F:\MultiCommunityApplication\products\phone\build\default\intermediates\loader_out\default\js cache.
[2026-05-12T18:04:41.156] [DEBUG] debug-file - Incremental task phone:default@BuildJS post-execution cost:5 ms .
[2026-05-12T18:04:41.156] [DEBUG] debug-file - There is no need to refresh cache, since the incremental task picture:default@ProcessLibs is up-to-date.
[2026-05-12T18:04:41.156] [DEBUG] debug-file - There is no need to refresh cache, since the incremental task hot:default@ProcessLibs is up-to-date.
[2026-05-12T18:04:41.156] [DEBUG] debug-file - There is no need to refresh cache, since the incremental task picture:default@DoNativeStrip is up-to-date.
[2026-05-12T18:04:41.156] [DEBUG] debug-file - There is no need to refresh cache, since the incremental task hot:default@DoNativeStrip is up-to-date.
[2026-05-12T18:04:41.156] [DEBUG] debug-file - There is no need to refresh cache, since the incremental task phone:default@ProcessLibs is up-to-date.
[2026-05-12T18:04:41.156] [DEBUG] debug-file - There is no need to refresh cache, since the incremental task phone:default@DoNativeStrip is up-to-date.
[2026-05-12T18:04:41.156] [DEBUG] debug-file - There is no need to refresh cache, since the incremental task phone:default@CacheNativeLibs is up-to-date.
[2026-05-12T18:04:41.156] [DEBUG] debug-file - There is no need to refresh cache, since the incremental task phone:default@GeneratePkgModuleJson is up-to-date.
[2026-05-12T18:04:41.157] [DEBUG] debug-file - Incremental task phone:default@ProcessCompiledResources post-execution cost:1 ms .
[2026-05-12T18:04:41.157] [DEBUG] debug-file - Update task phone:default@PackageHap input file:F:\MultiCommunityApplication\products\phone\build\default\intermediates\stripped_native_libs\default cache by regenerate.
[2026-05-12T18:04:41.157] [DEBUG] debug-file - Update task phone:default@PackageHap input file:F:\MultiCommunityApplication\products\phone\build\default\intermediates\res\default\module.json cache by regenerate.
[2026-05-12T18:04:41.157] [DEBUG] debug-file - Update task phone:default@PackageHap input file:F:\MultiCommunityApplication\products\phone\build\default\intermediates\res\default\resources cache by regenerate.
[2026-05-12T18:04:41.165] [DEBUG] debug-file - Update task phone:default@PackageHap input file:F:\MultiCommunityApplication\products\phone\build\default\intermediates\res\default\resources.index cache by regenerate.
[2026-05-12T18:04:41.166] [DEBUG] debug-file - Update task phone:default@PackageHap input file:F:\MultiCommunityApplication\products\phone\build\default\outputs\default\pack.info cache by regenerate.
[2026-05-12T18:04:41.166] [DEBUG] debug-file - Update task phone:default@PackageHap input file:F:\MultiCommunityApplication\products\phone\build\default\intermediates\loader_out\default\ets cache from map.
[2026-05-12T18:04:41.166] [DEBUG] debug-file - Update task phone:default@PackageHap input file:F:\MultiCommunityApplication\products\phone\build\default\intermediates\loader\default\pkgContextInfo.json cache by regenerate.
[2026-05-12T18:04:41.166] [DEBUG] debug-file - Update task phone:default@PackageHap input file:F:\MultiCommunityApplication\products\phone\build\default\intermediates\loader_out\default\ets\sourceMaps.map cache by regenerate.
[2026-05-12T18:04:41.167] [DEBUG] debug-file - Update task phone:default@PackageHap input file:F:\MultiCommunityApplication\products\phone\build\default\generated\profile\default\BuildProfile.ets cache by regenerate.
[2026-05-12T18:04:41.167] [DEBUG] debug-file - Update task phone:default@PackageHap output file:F:\MultiCommunityApplication\products\phone\build\default\outputs\default\phone-default-unsigned.hap cache.
[2026-05-12T18:04:41.168] [DEBUG] debug-file - Update task phone:default@PackageHap output file:F:\MultiCommunityApplication\products\phone\build\default\intermediates\source_map\default\sourceMaps.map cache.
[2026-05-12T18:04:41.168] [DEBUG] debug-file - Update task phone:default@PackageHap output file:F:\MultiCommunityApplication\products\phone\build\default\outputs\default\mapping\sourceMaps.map cache.
[2026-05-12T18:04:41.168] [DEBUG] debug-file - Incremental task phone:default@PackageHap post-execution cost:12 ms .
[2026-05-12T18:04:41.169] [DEBUG] debug-file - Update task phone:default@SignHap input file:F:\MultiCommunityApplication\products\phone\build\default\outputs\default\phone-default-unsigned.hap cache from map.
[2026-05-12T18:04:41.169] [DEBUG] debug-file - Update task phone:default@SignHap output file:F:\MultiCommunityApplication\products\phone\build\default\outputs\default\phone-default-signed.hap cache.
[2026-05-12T18:04:41.169] [DEBUG] debug-file - Incremental task phone:default@SignHap post-execution cost:1 ms .
[2026-05-12T18:04:41.170] [DEBUG] debug-file - Update task phone:default@CollectDebugSymbol input file:F:\MultiCommunityApplication\products\phone\build\default\intermediates\loader_out\default\ets\sourceMaps.map cache by regenerate.
[2026-05-12T18:04:41.170] [DEBUG] debug-file - Update task phone:default@CollectDebugSymbol input file:F:\MultiCommunityApplication\products\phone\build\default\intermediates\libs\default cache by regenerate.
[2026-05-12T18:04:41.171] [DEBUG] debug-file - Update task phone:default@CollectDebugSymbol output file:F:\MultiCommunityApplication\products\phone\build\default\outputs\default\symbol cache.
[2026-05-12T18:04:41.171] [DEBUG] debug-file - Incremental task phone:default@CollectDebugSymbol post-execution cost:2 ms .
[2026-05-12T18:04:41.231] [DEBUG] debug-file - Cleanup worker 10.
[2026-05-12T18:04:41.232] [DEBUG] debug-file - Worker 10 has been cleaned up.
[2026-05-12T18:04:41.233] [DEBUG] debug-file - Current idle worker size: 1.
[2026-05-12T18:04:41.233] [DEBUG] debug-file - Current resident worker size: 2.
[2026-05-12T18:04:41.235] [DEBUG] debug-file - hvigor build process will be closed.
[2026-05-12T18:04:41.240] [DEBUG] debug-file - java daemon socket close code:1000 reason:close by user
[2026-05-12T18:04:41.245] [DEBUG] debug-file - session manager: send message to worker process.
[2026-05-12T18:04:41.247] [DEBUG] debug-file - session manager: send message to worker process.
[2026-05-12T18:04:41.248] [DEBUG] debug-file - watch worker: worker id should be larger than 0. Nothing will be sent to any worker thread.
[2026-05-12T18:04:41.249] [DEBUG] debug-file - watch worker: worker id should be larger than 0. Nothing will be sent to any worker thread.
[2026-05-12T18:04:41.260] [DEBUG] debug-file - worker[10] exits with exit code 1.
